\BOOKMARK [0][-]{section*.1}{\315ndice general}{}% 1
\BOOKMARK [0][-]{section*.2}{\315ndice de figuras}{}% 2
\BOOKMARK [0][-]{section*.3}{\315ndice de tablas}{}% 3
\BOOKMARK [0][-]{chapter.1}{Introducci\363n}{}% 4
\BOOKMARK [1][-]{section.1.1}{Motivaci\363n}{chapter.1}% 5
\BOOKMARK [1][-]{section.1.2}{Objetivos}{chapter.1}% 6
\BOOKMARK [1][-]{section.1.3}{Estructura de la mem\363ria}{chapter.1}% 7
\BOOKMARK [0][-]{chapter.2}{Fundamentaci\363n te\363rica y Estado de la cuesti\363n}{}% 8
\BOOKMARK [1][-]{section.2.1}{Aprendizaje autom\341tico}{chapter.2}% 9
\BOOKMARK [2][-]{subsection.2.1.1}{Tipos de aprendizaje}{section.2.1}% 10
\BOOKMARK [2][-]{subsection.2.1.2}{Aprendizaje supervisado}{section.2.1}% 11
\BOOKMARK [2][-]{subsection.2.1.3}{Reconocimiento de patrones}{section.2.1}% 12
\BOOKMARK [2][-]{subsection.2.1.4}{Ejemplo de problema de clasificaci\363n mediante aprendizaje supervisado y reconocimiento de patrones}{section.2.1}% 13
\BOOKMARK [2][-]{subsection.2.1.5}{Posibles problemas del proceso de aprendizaje}{section.2.1}% 14
\BOOKMARK [1][-]{section.2.2}{Evaluaci\363n del error}{chapter.2}% 15
\BOOKMARK [2][-]{subsection.2.2.1}{Funci\363n de error a minimizar}{section.2.2}% 16
\BOOKMARK [1][-]{section.2.3}{Reconocimiento de la personalidad utilizando la Teor\355a de los Cinco Grandes}{chapter.2}% 17
\BOOKMARK [1][-]{section.2.4}{Estado de la cuesti\363n}{chapter.2}% 18
\BOOKMARK [0][-]{chapter.3}{An\341lisis y Metodolog\355a Propuesta}{}% 19
\BOOKMARK [1][-]{section.3.1}{Obtenci\363n de los datos}{chapter.3}% 20
\BOOKMARK [1][-]{section.3.2}{An\341lisis del dataset}{chapter.3}% 21
\BOOKMARK [1][-]{section.3.3}{Metodolog\355a Propuesta}{chapter.3}% 22
\BOOKMARK [1][-]{section.3.4}{Generaci\363n de Features}{chapter.3}% 23
\BOOKMARK [1][-]{section.3.5}{Generaci\363n de modelos en Weka}{chapter.3}% 24
\BOOKMARK [1][-]{section.3.6}{Modulo de predicci\363n en tiempo real}{chapter.3}% 25
\BOOKMARK [1][-]{section.3.7}{Integraci\363n}{chapter.3}% 26
\BOOKMARK [1][-]{section.3.8}{Pruebas de carga}{chapter.3}% 27
\BOOKMARK [1][-]{section.3.9}{Mejora de resultados}{chapter.3}% 28
\BOOKMARK [0][-]{chapter.4}{Casos de Uso}{}% 29
\BOOKMARK [0][-]{chapter.5}{Conclusions}{}% 30
\BOOKMARK [0][-]{chapter*.9}{Bibliograf\355a}{}% 31
\BOOKMARK [0][-]{appendix.Alph1}{Configuraci\363 del sistema}{}% 32
\BOOKMARK [1][-]{section.Alph1.1}{Fase d'inicialitzaci\363}{appendix.Alph1}% 33
\BOOKMARK [1][-]{section.Alph1.2}{Identificaci\363 de dispositius}{appendix.Alph1}% 34
\BOOKMARK [0][-]{appendix.Alph2}{??? ???????????? ????}{}% 35
